2025-03-14 07:02:51,523 - [INFO] - azen_bot.user_interactions - log_user_interaction:91 - USER:7475628490 - @AZEN_Entertainment - ACTION:start_command
2025-03-14 07:03:09,849 - [INFO] - azen_bot.user_interactions - log_user_interaction:91 - USER:7475628490 - @AZEN_Entertainment - ACTION:button_click_collaboration
2025-03-14 07:03:27,958 - [INFO] - azen_bot.user_interactions - log_user_interaction:91 - USER:7475628490 - @AZEN_Entertainment - ACTION:button_click_collaboration_next
2025-03-14 07:04:41,997 - [INFO] - azen_bot.user_interactions - log_user_interaction:91 - USER:7475628490 - @AZEN_Entertainment - ACTION:received_voice_collaboration_voice_test
2025-03-14 07:04:41,998 - [INFO] - azen_bot.user_interactions - log_user_interaction:91 - USER:7475628490 - @AZEN_Entertainment - ACTION:collaboration_voice_submission - DETAILS:User ID: 7475628490, Username: @AZEN_Entertainment
2025-03-14 07:13:07,067 - [INFO] - azen_bot.user_interactions - log_user_interaction:91 - USER:7475628490 - @AZEN_Entertainment - ACTION:start_command
2025-03-14 07:22:10,230 - [INFO] - azen_bot.user_interactions - log_user_interaction:91 - USER:7475628490 - @AZEN_Entertainment - ACTION:start_command
2025-03-14 07:22:20,567 - [INFO] - azen_bot.user_interactions - log_user_interaction:91 - USER:7475628490 - @AZEN_Entertainment - ACTION:help_command
2025-03-14 07:22:31,861 - [INFO] - azen_bot.user_interactions - log_user_interaction:91 - USER:7475628490 - @AZEN_Entertainment - ACTION:contact_command
2025-03-14 07:22:41,652 - [INFO] - azen_bot.user_interactions - log_user_interaction:91 - USER:7475628490 - @AZEN_Entertainment - ACTION:received_text_contact_message
2025-03-14 07:22:41,653 - [INFO] - azen_bot.user_interactions - log_user_interaction:91 - USER:7475628490 - @AZEN_Entertainment - ACTION:contact_message_submission - DETAILS:User ID: 7475628490, Username: @AZEN_Entertainment, Message: سلام...
2025-03-14 07:22:54,460 - [INFO] - azen_bot.user_interactions - log_user_interaction:91 - USER:7475628490 - @AZEN_Entertainment - ACTION:mylink_command
2025-03-14 07:26:47,698 - [INFO] - azen_bot.user_interactions - log_user_interaction:91 - USER:7475628490 - @AZEN_Entertainment - ACTION:button_click_collaboration
2025-03-14 07:28:48,478 - [INFO] - azen_bot.user_interactions - log_user_interaction:91 - USER:7475628490 - @AZEN_Entertainment - ACTION:start_command
2025-03-14 07:31:48,855 - [INFO] - azen_bot.user_interactions - log_user_interaction:91 - USER:7475628490 - @AZEN_Entertainment - ACTION:start_command
2025-03-14 07:31:51,329 - [INFO] - azen_bot.user_interactions - log_user_interaction:91 - USER:7475628490 - @AZEN_Entertainment - ACTION:button_click_collaboration
2025-03-14 07:32:25,302 - [INFO] - azen_bot.user_interactions - log_user_interaction:91 - USER:7475628490 - @AZEN_Entertainment - ACTION:button_click_collaboration_next
2025-03-14 07:32:58,002 - [INFO] - azen_bot.user_interactions - log_user_interaction:91 - USER:7475628490 - @AZEN_Entertainment - ACTION:button_click_collaboration
2025-03-14 07:33:32,353 - [INFO] - azen_bot.user_interactions - log_user_interaction:91 - USER:7475628490 - @AZEN_Entertainment - ACTION:start_command
2025-03-14 07:33:47,841 - [INFO] - azen_bot.user_interactions - log_user_interaction:91 - USER:7475628490 - @AZEN_Entertainment - ACTION:button_click_contact_us
2025-03-14 07:35:03,962 - [INFO] - azen_bot.user_interactions - log_user_interaction:91 - USER:7475628490 - @AZEN_Entertainment - ACTION:received_text_contact_message
2025-03-14 07:35:03,962 - [INFO] - azen_bot.user_interactions - log_user_interaction:91 - USER:7475628490 - @AZEN_Entertainment - ACTION:contact_message_submission - DETAILS:User ID: 7475628490, Username: @AZEN_Entertainment, Message: 🤣...
2025-03-14 07:36:53,104 - [INFO] - azen_bot.user_interactions - log_user_interaction:91 - USER:8013392812 - @no_username - ACTION:start_command
2025-03-14 07:36:57,862 - [INFO] - azen_bot.user_interactions - log_user_interaction:91 - USER:8013392812 - @no_username - ACTION:button_click_contact_us
2025-03-14 07:37:02,361 - [INFO] - azen_bot.user_interactions - log_user_interaction:91 - USER:8013392812 - @no_username - ACTION:received_text_contact_message
2025-03-14 07:37:02,362 - [INFO] - azen_bot.user_interactions - log_user_interaction:91 - USER:8013392812 - @no_username - ACTION:contact_message_submission - DETAILS:User ID: 8013392812, Username: @بدون یوزرنیم, Message: 🤣...
2025-03-14 07:39:02,458 - [INFO] - azen_bot.user_interactions - log_user_interaction:91 - USER:8013392812 - @no_username - ACTION:received_text_None
2025-03-14 07:40:23,644 - [INFO] - azen_bot.user_interactions - log_user_interaction:91 - USER:8013392812 - @no_username - ACTION:received_text_None
2025-03-14 07:40:53,623 - [INFO] - azen_bot.user_interactions - log_user_interaction:91 - USER:8013392812 - @no_username - ACTION:received_text_None
2025-03-14 07:45:22,187 - [INFO] - azen_bot.user_interactions - log_user_interaction:91 - USER:7475628490 - @AZEN_Entertainment - ACTION:help_command
2025-03-14 07:45:31,350 - [INFO] - azen_bot.user_interactions - log_user_interaction:91 - USER:7475628490 - @AZEN_Entertainment - ACTION:start_command
2025-03-14 07:45:39,643 - [INFO] - azen_bot.user_interactions - log_user_interaction:91 - USER:7475628490 - @AZEN_Entertainment - ACTION:button_click_collaboration
2025-03-14 07:45:44,886 - [INFO] - azen_bot.user_interactions - log_user_interaction:91 - USER:7475628490 - @AZEN_Entertainment - ACTION:button_click_collaboration_next
2025-03-14 07:45:51,621 - [INFO] - azen_bot.user_interactions - log_user_interaction:91 - USER:7475628490 - @AZEN_Entertainment - ACTION:received_voice_collaboration_voice_test
2025-03-14 07:45:51,621 - [INFO] - azen_bot.user_interactions - log_user_interaction:91 - USER:7475628490 - @AZEN_Entertainment - ACTION:collaboration_voice_submission - DETAILS:User ID: 7475628490, Username: @AZEN_Entertainment
2025-03-14 07:46:01,406 - [INFO] - azen_bot.user_interactions - log_user_interaction:91 - USER:7475628490 - @AZEN_Entertainment - ACTION:button_click_main_menu
2025-03-14 07:46:01,578 - [INFO] - azen_bot.user_interactions - log_user_interaction:91 - USER:7475628490 - @AZEN_Entertainment - ACTION:main_menu_view
2025-03-14 07:46:05,642 - [INFO] - azen_bot.user_interactions - log_user_interaction:91 - USER:7475628490 - @AZEN_Entertainment - ACTION:mylink_command
2025-03-14 07:46:08,162 - [INFO] - azen_bot.user_interactions - log_user_interaction:91 - USER:7475628490 - @AZEN_Entertainment - ACTION:help_command
2025-03-14 07:46:18,266 - [INFO] - azen_bot.user_interactions - log_user_interaction:91 - USER:7475628490 - @AZEN_Entertainment - ACTION:start_command
2025-03-14 07:46:19,938 - [INFO] - azen_bot.user_interactions - log_user_interaction:91 - USER:7475628490 - @AZEN_Entertainment - ACTION:button_click_collaboration
2025-03-14 07:46:21,313 - [INFO] - azen_bot.user_interactions - log_user_interaction:91 - USER:7475628490 - @AZEN_Entertainment - ACTION:button_click_collaboration_next
2025-03-14 07:46:22,652 - [INFO] - azen_bot.user_interactions - log_user_interaction:91 - USER:7475628490 - @AZEN_Entertainment - ACTION:button_click_collaboration
2025-03-14 07:46:25,493 - [INFO] - azen_bot.user_interactions - log_user_interaction:91 - USER:7475628490 - @AZEN_Entertainment - ACTION:start_command
2025-03-14 07:46:27,121 - [INFO] - azen_bot.user_interactions - log_user_interaction:91 - USER:7475628490 - @AZEN_Entertainment - ACTION:button_click_contact_us
2025-03-14 07:46:35,177 - [INFO] - azen_bot.user_interactions - log_user_interaction:91 - USER:7475628490 - @AZEN_Entertainment - ACTION:received_text_contact_message
2025-03-14 07:46:35,177 - [INFO] - azen_bot.user_interactions - log_user_interaction:91 - USER:7475628490 - @AZEN_Entertainment - ACTION:contact_message_submission - DETAILS:User ID: 7475628490, Username: @AZEN_Entertainment, Message: سلام...
2025-03-14 07:46:59,486 - [INFO] - azen_bot.user_interactions - log_user_interaction:91 - USER:8013392812 - @no_username - ACTION:received_text_None
2025-03-14 07:47:11,824 - [INFO] - azen_bot.user_interactions - log_user_interaction:91 - USER:8013392812 - @no_username - ACTION:button_click_main_menu
2025-03-14 07:47:12,008 - [INFO] - azen_bot.user_interactions - log_user_interaction:91 - USER:8013392812 - @no_username - ACTION:main_menu_view
2025-03-14 07:47:14,734 - [INFO] - azen_bot.user_interactions - log_user_interaction:91 - USER:8013392812 - @no_username - ACTION:start_command
2025-03-14 07:47:16,248 - [INFO] - azen_bot.user_interactions - log_user_interaction:91 - USER:8013392812 - @no_username - ACTION:button_click_collaboration
2025-03-14 07:47:18,579 - [INFO] - azen_bot.user_interactions - log_user_interaction:91 - USER:8013392812 - @no_username - ACTION:button_click_collaboration_next
2025-03-14 07:47:20,761 - [INFO] - azen_bot.user_interactions - log_user_interaction:91 - USER:8013392812 - @no_username - ACTION:start_command
2025-03-14 07:47:22,188 - [INFO] - azen_bot.user_interactions - log_user_interaction:91 - USER:8013392812 - @no_username - ACTION:button_click_contact_us
2025-03-14 07:47:26,411 - [INFO] - azen_bot.user_interactions - log_user_interaction:91 - USER:8013392812 - @no_username - ACTION:received_text_contact_message
2025-03-14 07:47:26,411 - [INFO] - azen_bot.user_interactions - log_user_interaction:91 - USER:8013392812 - @no_username - ACTION:contact_message_submission - DETAILS:User ID: 8013392812, Username: @بدون یوزرنیم, Message: سلام...
2025-03-14 22:45:22,831 - [INFO] - azen_bot.user_interactions - log_user_interaction:91 - USER:8013392812 - @no_username - ACTION:start_command
2025-03-14 22:45:23,059 - [INFO] - azen_bot.user_interactions - log_user_interaction:91 - USER:8013392812 - @no_username - ACTION:start_command
2025-03-14 22:45:23,263 - [INFO] - azen_bot.user_interactions - log_user_interaction:91 - USER:7475628490 - @AZEN_Entertainment - ACTION:start_command
2025-03-14 22:45:23,449 - [INFO] - azen_bot.user_interactions - log_user_interaction:91 - USER:8013392812 - @no_username - ACTION:start_command
2025-03-14 22:45:23,648 - [INFO] - azen_bot.user_interactions - log_user_interaction:91 - USER:8013392812 - @no_username - ACTION:start_command
2025-03-14 22:45:23,910 - [INFO] - azen_bot.user_interactions - log_user_interaction:91 - USER:8013392812 - @no_username - ACTION:start_command
2025-03-14 22:45:24,162 - [INFO] - azen_bot.user_interactions - log_user_interaction:91 - USER:8013392812 - @no_username - ACTION:start_command
2025-03-14 22:45:24,463 - [INFO] - azen_bot.user_interactions - log_user_interaction:91 - USER:8013392812 - @no_username - ACTION:start_command
2025-03-14 22:45:24,723 - [INFO] - azen_bot.user_interactions - log_user_interaction:91 - USER:8013392812 - @no_username - ACTION:start_command
2025-03-14 22:46:35,877 - [INFO] - azen_bot.user_interactions - log_user_interaction:91 - USER:8013392812 - @no_username - ACTION:start_command
2025-03-14 22:46:49,743 - [INFO] - azen_bot.user_interactions - log_user_interaction:91 - USER:8013392812 - @no_username - ACTION:button_click_collaboration
2025-03-14 22:47:05,956 - [INFO] - azen_bot.user_interactions - log_user_interaction:91 - USER:8013392812 - @no_username - ACTION:button_click_collaboration_next
2025-03-14 22:52:56,419 - [INFO] - azen_bot.user_interactions - log_user_interaction:91 - USER:8013392812 - @no_username - ACTION:start_command
2025-03-15 00:05:34,870 - [INFO] - azen_bot.user_interactions - log_user_interaction:91 - USER:8013392812 - @no_username - ACTION:start_command
2025-03-15 00:06:00,525 - [INFO] - azen_bot.user_interactions - log_user_interaction:91 - USER:8013392812 - @no_username - ACTION:button_click_collaboration
2025-03-15 00:06:25,039 - [INFO] - azen_bot.user_interactions - log_user_interaction:91 - USER:8013392812 - @no_username - ACTION:button_click_collaboration_next
2025-03-15 00:06:43,058 - [INFO] - azen_bot.user_interactions - log_user_interaction:91 - USER:8013392812 - @no_username - ACTION:received_voice_None
2025-03-15 00:13:57,436 - [INFO] - azen_bot.user_interactions - log_user_interaction:91 - USER:8013392812 - @no_username - ACTION:button_click_main_menu
2025-03-15 00:13:57,601 - [INFO] - azen_bot.user_interactions - log_user_interaction:91 - USER:8013392812 - @no_username - ACTION:main_menu_view
2025-03-16 05:51:58,945 - [INFO] - azen_bot.user_interactions - log_user_interaction:91 - USER:8013392812 - @no_username - ACTION:start_command
2025-04-05 07:21:42,630 - [INFO] - azen_bot.user_interactions - log_user_interaction:91 - USER:7475628490 - @AZEN_Entertainment - ACTION:start_command
2025-04-05 07:21:44,696 - [INFO] - azen_bot.user_interactions - log_user_interaction:91 - USER:7475628490 - @AZEN_Entertainment - ACTION:button_click_collaboration
2025-04-05 07:30:29,283 - [INFO] - azen_bot.user_interactions - log_user_interaction:91 - USER:7475628490 - @AZEN_Entertainment - ACTION:start_command
2025-04-05 07:30:29,527 - [INFO] - azen_bot.user_interactions - log_user_interaction:91 - USER:7475628490 - @AZEN_Entertainment - ACTION:start_command
2025-04-05 07:30:29,730 - [INFO] - azen_bot.user_interactions - log_user_interaction:91 - USER:7475628490 - @AZEN_Entertainment - ACTION:button_click_collaboration_next
2025-04-05 07:30:39,622 - [INFO] - azen_bot.user_interactions - log_user_interaction:91 - USER:7475628490 - @AZEN_Entertainment - ACTION:button_click_collaboration
2025-04-05 07:30:41,218 - [INFO] - azen_bot.user_interactions - log_user_interaction:91 - USER:7475628490 - @AZEN_Entertainment - ACTION:button_click_collaboration_next
2025-04-05 07:36:58,510 - [INFO] - azen_bot.user_interactions - log_user_interaction:91 - USER:7475628490 - @AZEN_Entertainment - ACTION:button_click_collaboration
2025-04-05 07:37:01,212 - [INFO] - azen_bot.user_interactions - log_user_interaction:91 - USER:7475628490 - @AZEN_Entertainment - ACTION:start_command
2025-04-05 07:37:02,625 - [INFO] - azen_bot.user_interactions - log_user_interaction:91 - USER:7475628490 - @AZEN_Entertainment - ACTION:button_click_collaboration
2025-04-05 07:37:04,567 - [INFO] - azen_bot.user_interactions - log_user_interaction:91 - USER:7475628490 - @AZEN_Entertainment - ACTION:button_click_collaboration_next
2025-04-05 07:41:13,144 - [INFO] - azen_bot.user_interactions - log_user_interaction:91 - USER:7475628490 - @AZEN_Entertainment - ACTION:start_command
2025-04-05 07:41:13,333 - [INFO] - azen_bot.user_interactions - log_user_interaction:91 - USER:7475628490 - @AZEN_Entertainment - ACTION:start_command
2025-04-05 07:41:13,515 - [INFO] - azen_bot.user_interactions - log_user_interaction:91 - USER:7475628490 - @AZEN_Entertainment - ACTION:start_command
